0 info it worked if it ends with ok
1 verbose cli [ '/opt/boxen/nodenv/versions/v0.8/bin/node',
1 verbose cli   '/opt/boxen/nodenv/versions/v0.8/bin/npm',
1 verbose cli   'install',
1 verbose cli   '-g',
1 verbose cli   'request' ]
2 info using npm@1.1.59
3 info using node@v0.8.8
4 verbose node symlink /opt/boxen/nodenv/versions/v0.8/bin/node
5 verbose read json /opt/boxen/nodenv/versions/v0.8/lib/package.json
6 verbose read json /opt/boxen/nodenv/versions/v0.8/lib/package.json
7 verbose cache add [ 'request', null ]
8 silly cache add name=undefined spec="request" args=["request",null]
9 verbose parsed url { pathname: 'request', path: 'request', href: 'request' }
10 silly lockFile 088e29b0-request request
11 verbose lock request /Users/hackreactor/.npm/088e29b0-request.lock
12 silly lockFile 088e29b0-request request
13 verbose addNamed [ 'request', '' ]
14 verbose addNamed [ null, '' ]
15 silly lockFile 9d461bcf-request request@
16 verbose lock request@ /Users/hackreactor/.npm/9d461bcf-request.lock
17 silly addNameRange { name: 'request', range: '', hasData: false }
18 verbose url raw request
19 verbose url resolving [ 'https://registry.npmjs.org/', './request' ]
20 verbose url resolved https://registry.npmjs.org/request
21 info retry registry request attempt 1 at 16:35:09
22 verbose etag "2XCZLQ4H2D2H8DTP1GLW291II"
23 http GET https://registry.npmjs.org/request
24 info retry will retry, error on last attempt: Error: SSL Error: CERT_UNTRUSTED
25 info retry registry request attempt 2 at 16:35:19
26 verbose etag "2XCZLQ4H2D2H8DTP1GLW291II"
27 http GET https://registry.npmjs.org/request
28 info retry will retry, error on last attempt: Error: SSL Error: CERT_UNTRUSTED
29 info retry registry request attempt 3 at 16:36:20
30 verbose etag "2XCZLQ4H2D2H8DTP1GLW291II"
31 http GET https://registry.npmjs.org/request
32 silly registry.get cb [ 304, undefined ]
33 verbose etag request from cache
34 silly addNameRange number 2 { name: 'request', range: '', hasData: true }
35 silly addNameRange versions [ 'request',
35 silly addNameRange   [ '0.10.0',
35 silly addNameRange     '0.8.3',
35 silly addNameRange     '0.9.0',
35 silly addNameRange     '0.9.1',
35 silly addNameRange     '0.9.5',
35 silly addNameRange     '1.0.0',
35 silly addNameRange     '1.1.0',
35 silly addNameRange     '1.1.1',
35 silly addNameRange     '1.2.0',
35 silly addNameRange     '1.9.0',
35 silly addNameRange     '1.9.1',
35 silly addNameRange     '1.9.2',
35 silly addNameRange     '1.9.3',
35 silly addNameRange     '1.9.5',
35 silly addNameRange     '1.9.7',
35 silly addNameRange     '1.9.8',
35 silly addNameRange     '1.9.9',
35 silly addNameRange     '2.0.0',
35 silly addNameRange     '2.0.1',
35 silly addNameRange     '2.0.2',
35 silly addNameRange     '2.0.3',
35 silly addNameRange     '2.0.4',
35 silly addNameRange     '2.0.5',
35 silly addNameRange     '2.1.0',
35 silly addNameRange     '2.1.1',
35 silly addNameRange     '2.2.0',
35 silly addNameRange     '2.2.5',
35 silly addNameRange     '2.2.6',
35 silly addNameRange     '2.2.9',
35 silly addNameRange     '2.9.0',
35 silly addNameRange     '2.9.1',
35 silly addNameRange     '2.9.2',
35 silly addNameRange     '2.9.3',
35 silly addNameRange     '2.9.100',
35 silly addNameRange     '2.9.150',
35 silly addNameRange     '2.9.151',
35 silly addNameRange     '2.9.152',
35 silly addNameRange     '2.9.153',
35 silly addNameRange     '2.9.200',
35 silly addNameRange     '2.9.201',
35 silly addNameRange     '2.9.202',
35 silly addNameRange     '2.9.203',
35 silly addNameRange     '2.10.0',
35 silly addNameRange     '2.11.0',
35 silly addNameRange     '2.11.1',
35 silly addNameRange     '2.11.2',
35 silly addNameRange     '2.11.3',
35 silly addNameRange     '2.11.4',
35 silly addNameRange     '2.12.0',
35 silly addNameRange     '2.14.0',
35 silly addNameRange     '2.16.0',
35 silly addNameRange     '2.16.2',
35 silly addNameRange     '2.16.4',
35 silly addNameRange     '2.16.6',
35 silly addNameRange     '2.18.0',
35 silly addNameRange     '2.19.0',
35 silly addNameRange     '2.20.0',
35 silly addNameRange     '2.21.0',
35 silly addNameRange     '2.22.0',
35 silly addNameRange     '2.23.0',
35 silly addNameRange     '2.24.0',
35 silly addNameRange     '2.25.0',
35 silly addNameRange     '2.26.0',
35 silly addNameRange     '2.27.0',
35 silly addNameRange     '2.28.0',
35 silly addNameRange     '2.29.0',
35 silly addNameRange     '2.30.0' ] ]
36 verbose addNamed [ 'request', '2.30.0' ]
37 verbose addNamed [ '2.30.0', '2.30.0' ]
38 silly lockFile 7a1fbd48-request-2-30-0 request@2.30.0
39 verbose lock request@2.30.0 /Users/hackreactor/.npm/7a1fbd48-request-2-30-0.lock
40 silly lockFile d5aaadc0-s-org-request-request-2-30-0-tgz https://registry.npmjs.org/request/-/request-2.30.0.tgz
41 verbose lock https://registry.npmjs.org/request/-/request-2.30.0.tgz /Users/hackreactor/.npm/d5aaadc0-s-org-request-request-2-30-0-tgz.lock
42 verbose addRemoteTarball [ 'https://registry.npmjs.org/request/-/request-2.30.0.tgz',
42 verbose addRemoteTarball   '8e0d36f0806e8911524b072b64c5ee535a09d861' ]
43 info retry fetch attempt 1 at 16:36:20
44 verbose fetch to= /var/folders/wy/ldp740p96gx4_9z9zxqxyyj40000gn/T/npm-77060/1391214980909-0.9747373899444938/tmp.tgz
45 http GET https://registry.npmjs.org/request/-/request-2.30.0.tgz
46 error fetch failed https://registry.npmjs.org/request/-/request-2.30.0.tgz
47 info retry will retry, error on last attempt: Error: SSL Error: CERT_UNTRUSTED
48 info retry fetch attempt 2 at 16:36:31
49 verbose fetch to= /var/folders/wy/ldp740p96gx4_9z9zxqxyyj40000gn/T/npm-77060/1391214980909-0.9747373899444938/tmp.tgz
50 http GET https://registry.npmjs.org/request/-/request-2.30.0.tgz
51 error fetch failed https://registry.npmjs.org/request/-/request-2.30.0.tgz
52 info retry will retry, error on last attempt: Error: SSL Error: CERT_UNTRUSTED
53 info retry fetch attempt 3 at 16:37:31
54 verbose fetch to= /var/folders/wy/ldp740p96gx4_9z9zxqxyyj40000gn/T/npm-77060/1391214980909-0.9747373899444938/tmp.tgz
55 http GET https://registry.npmjs.org/request/-/request-2.30.0.tgz
56 error fetch failed https://registry.npmjs.org/request/-/request-2.30.0.tgz
57 silly lockFile d5aaadc0-s-org-request-request-2-30-0-tgz https://registry.npmjs.org/request/-/request-2.30.0.tgz
58 silly lockFile 7a1fbd48-request-2-30-0 request@2.30.0
59 silly lockFile 9d461bcf-request request@
60 error Error: SSL Error: CERT_UNTRUSTED
60 error     at ClientRequest.<anonymous> (/opt/boxen/nodenv/versions/v0.8.8/lib/node_modules/npm/node_modules/request/main.js:525:26)
60 error     at ClientRequest.g (events.js:185:14)
60 error     at ClientRequest.EventEmitter.emit (events.js:88:17)
60 error     at HTTPParser.parserOnIncomingClient [as onIncoming] (http.js:1455:7)
60 error     at HTTPParser.parserOnHeadersComplete [as onHeadersComplete] (http.js:111:23)
60 error     at CleartextStream.socketOnData [as ondata] (http.js:1366:20)
60 error     at CleartextStream.CryptoStream._push (tls.js:495:27)
60 error     at SecurePair.cycle (tls.js:849:20)
60 error     at EncryptedStream.CryptoStream.write (tls.js:230:13)
60 error     at Socket.ondata (stream.js:38:26)
61 error If you need help, you may report this log at:
61 error     <http://github.com/isaacs/npm/issues>
61 error or email it to:
61 error     <npm-@googlegroups.com>
62 error System Darwin 12.3.0
63 error command "/opt/boxen/nodenv/versions/v0.8/bin/node" "/opt/boxen/nodenv/versions/v0.8/bin/npm" "install" "-g" "request"
64 error cwd /Users/hackreactor/brendonv/2014-01-databases
65 error node -v v0.8.8
66 error npm -v 1.1.59
67 verbose exit [ 1, true ]
